  
  Microsoft (R) Program Maintenance Utility Version 14.16.27042.0
  Copyright (C) Microsoft Corporation.  All rights reserved.
  
  	cl /c /MT /J /nologo /Od /Zi   /Isource /Ibuild\include\msvc /Ibuild\include\ /Isource\jmact /Isource\jaudiolib\include /Isource\enet\include  /W2 /DSUPERBUILD /DPOLYMOST /DUSE_OPENGL /DPOLYMER  /I"C:\Program Files\Microsoft DirectX SDK (February 2010)"\include /DRENDERTYPEWIN=1 /DDEBUGGINGAIDS /D "_CRT_SECURE_NO_DEPRECATE" /Foobj_win/game.obj source\game.c
  game.c
  	cl /c /MT /J /nologo /Od /Zi   /Isource /Ibuild\include\msvc /Ibuild\include\ /Isource\jmact /Isource\jaudiolib\include /Isource\enet\include  /W2 /DSUPERBUILD /DPOLYMOST /DUSE_OPENGL /DPOLYMER  /I"C:\Program Files\Microsoft DirectX SDK (February 2010)"\include /DRENDERTYPEWIN=1 /DDEBUGGINGAIDS /D "_CRT_SECURE_NO_DEPRECATE" /Foobj_win/actors.obj source\actors.c
  actors.c
  	cl /c /MT /J /nologo /Od /Zi   /Isource /Ibuild\include\msvc /Ibuild\include\ /Isource\jmact /Isource\jaudiolib\include /Isource\enet\include  /W2 /DSUPERBUILD /DPOLYMOST /DUSE_OPENGL /DPOLYMER  /I"C:\Program Files\Microsoft DirectX SDK (February 2010)"\include /DRENDERTYPEWIN=1 /DDEBUGGINGAIDS /D "_CRT_SECURE_NO_DEPRECATE" /Foobj_win/anim.obj source\anim.c
  anim.c
  	cl /c /MT /J /nologo /Od /Zi   /Isource /Ibuild\include\msvc /Ibuild\include\ /Isource\jmact /Isource\jaudiolib\include /Isource\enet\include  /W2 /DSUPERBUILD /DPOLYMOST /DUSE_OPENGL /DPOLYMER  /I"C:\Program Files\Microsoft DirectX SDK (February 2010)"\include /DRENDERTYPEWIN=1 /DDEBUGGINGAIDS /D "_CRT_SECURE_NO_DEPRECATE" /Foobj_win/demo.obj source\demo.c
  demo.c
  	cl /c /MT /J /nologo /Od /Zi   /Isource /Ibuild\include\msvc /Ibuild\include\ /Isource\jmact /Isource\jaudiolib\include /Isource\enet\include  /W2 /DSUPERBUILD /DPOLYMOST /DUSE_OPENGL /DPOLYMER  /I"C:\Program Files\Microsoft DirectX SDK (February 2010)"\include /DRENDERTYPEWIN=1 /DDEBUGGINGAIDS /D "_CRT_SECURE_NO_DEPRECATE" /Foobj_win/gamedef.obj source\gamedef.c
  gamedef.c
  	cl /c /MT /J /nologo /Od /Zi   /Isource /Ibuild\include\msvc /Ibuild\include\ /Isource\jmact /Isource\jaudiolib\include /Isource\enet\include  /W2 /DSUPERBUILD /DPOLYMOST /DUSE_OPENGL /DPOLYMER  /I"C:\Program Files\Microsoft DirectX SDK (February 2010)"\include /DRENDERTYPEWIN=1 /DDEBUGGINGAIDS /D "_CRT_SECURE_NO_DEPRECATE" /Foobj_win/gameexec.obj source\gameexec.c
  gameexec.c
  	cl /c /MT /J /nologo /Od /Zi   /Isource /Ibuild\include\msvc /Ibuild\include\ /Isource\jmact /Isource\jaudiolib\include /Isource\enet\include  /W2 /DSUPERBUILD /DPOLYMOST /DUSE_OPENGL /DPOLYMER  /I"C:\Program Files\Microsoft DirectX SDK (February 2010)"\include /DRENDERTYPEWIN=1 /DDEBUGGINGAIDS /D "_CRT_SECURE_NO_DEPRECATE" /Foobj_win/gamevars.obj source\gamevars.c
  gamevars.c
  	cl /c /MT /J /nologo /Od /Zi   /Isource /Ibuild\include\msvc /Ibuild\include\ /Isource\jmact /Isource\jaudiolib\include /Isource\enet\include  /W2 /DSUPERBUILD /DPOLYMOST /DUSE_OPENGL /DPOLYMER  /I"C:\Program Files\Microsoft DirectX SDK (February 2010)"\include /DRENDERTYPEWIN=1 /DDEBUGGINGAIDS /D "_CRT_SECURE_NO_DEPRECATE" /Foobj_win/global.obj source\global.c
  global.c
  	cl /c /MT /J /nologo /Od /Zi   /Isource /Ibuild\include\msvc /Ibuild\include\ /Isource\jmact /Isource\jaudiolib\include /Isource\enet\include  /W2 /DSUPERBUILD /DPOLYMOST /DUSE_OPENGL /DPOLYMER  /I"C:\Program Files\Microsoft DirectX SDK (February 2010)"\include /DRENDERTYPEWIN=1 /DDEBUGGINGAIDS /D "_CRT_SECURE_NO_DEPRECATE" /Foobj_win/menus.obj source\menus.c
  menus.c
source\menus.c(2440): warning C4305: 'initializing': truncation from 'double' to 'float'
  	cl /c /MT /J /nologo /Od /Zi   /Isource /Ibuild\include\msvc /Ibuild\include\ /Isource\jmact /Isource\jaudiolib\include /Isource\enet\include  /W2 /DSUPERBUILD /DPOLYMOST /DUSE_OPENGL /DPOLYMER  /I"C:\Program Files\Microsoft DirectX SDK (February 2010)"\include /DRENDERTYPEWIN=1 /DDEBUGGINGAIDS /D "_CRT_SECURE_NO_DEPRECATE" /Foobj_win/namesdyn.obj source\namesdyn.c
  namesdyn.c
  	cl /c /MT /J /nologo /Od /Zi   /Isource /Ibuild\include\msvc /Ibuild\include\ /Isource\jmact /Isource\jaudiolib\include /Isource\enet\include  /W2 /DSUPERBUILD /DPOLYMOST /DUSE_OPENGL /DPOLYMER  /I"C:\Program Files\Microsoft DirectX SDK (February 2010)"\include /DRENDERTYPEWIN=1 /DDEBUGGINGAIDS /D "_CRT_SECURE_NO_DEPRECATE" /Foobj_win/net.obj source\net.c
  net.c
  	cl /c /MT /J /nologo /Od /Zi   /Isource /Ibuild\include\msvc /Ibuild\include\ /Isource\jmact /Isource\jaudiolib\include /Isource\enet\include  /W2 /DSUPERBUILD /DPOLYMOST /DUSE_OPENGL /DPOLYMER  /I"C:\Program Files\Microsoft DirectX SDK (February 2010)"\include /DRENDERTYPEWIN=1 /DDEBUGGINGAIDS /D "_CRT_SECURE_NO_DEPRECATE" /Foobj_win/player.obj source\player.c
  player.c
  	cl /c /MT /J /nologo /Od /Zi   /Isource /Ibuild\include\msvc /Ibuild\include\ /Isource\jmact /Isource\jaudiolib\include /Isource\enet\include  /W2 /DSUPERBUILD /DPOLYMOST /DUSE_OPENGL /DPOLYMER  /I"C:\Program Files\Microsoft DirectX SDK (February 2010)"\include /DRENDERTYPEWIN=1 /DDEBUGGINGAIDS /D "_CRT_SECURE_NO_DEPRECATE" /Foobj_win/premap.obj source\premap.c
  premap.c
  	cl /c /MT /J /nologo /Od /Zi   /Isource /Ibuild\include\msvc /Ibuild\include\ /Isource\jmact /Isource\jaudiolib\include /Isource\enet\include  /W2 /DSUPERBUILD /DPOLYMOST /DUSE_OPENGL /DPOLYMER  /I"C:\Program Files\Microsoft DirectX SDK (February 2010)"\include /DRENDERTYPEWIN=1 /DDEBUGGINGAIDS /D "_CRT_SECURE_NO_DEPRECATE" /Foobj_win/savegame.obj source\savegame.c
  savegame.c
  	cl /c /MT /J /nologo /Od /Zi   /Isource /Ibuild\include\msvc /Ibuild\include\ /Isource\jmact /Isource\jaudiolib\include /Isource\enet\include  /W2 /DSUPERBUILD /DPOLYMOST /DUSE_OPENGL /DPOLYMER  /I"C:\Program Files\Microsoft DirectX SDK (February 2010)"\include /DRENDERTYPEWIN=1 /DDEBUGGINGAIDS /D "_CRT_SECURE_NO_DEPRECATE" /Foobj_win/sector.obj source\sector.c
  sector.c
  	cl /c /MT /J /nologo /Od /Zi   /Isource /Ibuild\include\msvc /Ibuild\include\ /Isource\jmact /Isource\jaudiolib\include /Isource\enet\include  /W2 /DSUPERBUILD /DPOLYMOST /DUSE_OPENGL /DPOLYMER  /I"C:\Program Files\Microsoft DirectX SDK (February 2010)"\include /DRENDERTYPEWIN=1 /DDEBUGGINGAIDS /D "_CRT_SECURE_NO_DEPRECATE" /Foobj_win/rts.obj source\rts.c
  rts.c
  	cl /c /MT /J /nologo /Od /Zi   /Isource /Ibuild\include\msvc /Ibuild\include\ /Isource\jmact /Isource\jaudiolib\include /Isource\enet\include  /W2 /DSUPERBUILD /DPOLYMOST /DUSE_OPENGL /DPOLYMER  /I"C:\Program Files\Microsoft DirectX SDK (February 2010)"\include /DRENDERTYPEWIN=1 /DDEBUGGINGAIDS /D "_CRT_SECURE_NO_DEPRECATE" /Foobj_win/config.obj source\config.c
  config.c
  	cl /c /MT /J /nologo /Od /Zi   /Isource /Ibuild\include\msvc /Ibuild\include\ /Isource\jmact /Isource\jaudiolib\include /Isource\enet\include  /W2 /DSUPERBUILD /DPOLYMOST /DUSE_OPENGL /DPOLYMER  /I"C:\Program Files\Microsoft DirectX SDK (February 2010)"\include /DRENDERTYPEWIN=1 /DDEBUGGINGAIDS /D "_CRT_SECURE_NO_DEPRECATE" /Foobj_win/animlib.obj source\jmact\animlib.c
  animlib.c
  	cl /c /MT /J /nologo /Od /Zi   /Isource /Ibuild\include\msvc /Ibuild\include\ /Isource\jmact /Isource\jaudiolib\include /Isource\enet\include  /W2 /DSUPERBUILD /DPOLYMOST /DUSE_OPENGL /DPOLYMER  /I"C:\Program Files\Microsoft DirectX SDK (February 2010)"\include /DRENDERTYPEWIN=1 /DDEBUGGINGAIDS /D "_CRT_SECURE_NO_DEPRECATE" /Foobj_win/osdfuncs.obj source\osdfuncs.c
  osdfuncs.c
  	cl /c /MT /J /nologo /Od /Zi   /Isource /Ibuild\include\msvc /Ibuild\include\ /Isource\jmact /Isource\jaudiolib\include /Isource\enet\include  /W2 /DSUPERBUILD /DPOLYMOST /DUSE_OPENGL /DPOLYMER  /I"C:\Program Files\Microsoft DirectX SDK (February 2010)"\include /DRENDERTYPEWIN=1 /DDEBUGGINGAIDS /D "_CRT_SECURE_NO_DEPRECATE" /Foobj_win/osdcmds.obj source\osdcmds.c
  osdcmds.c
  	cl /c /MT /J /nologo /Od /Zi   /Isource /Ibuild\include\msvc /Ibuild\include\ /Isource\jmact /Isource\jaudiolib\include /Isource\enet\include  /W2 /DSUPERBUILD /DPOLYMOST /DUSE_OPENGL /DPOLYMER  /I"C:\Program Files\Microsoft DirectX SDK (February 2010)"\include /DRENDERTYPEWIN=1 /DDEBUGGINGAIDS /D "_CRT_SECURE_NO_DEPRECATE" /Foobj_win/grpscan.obj source\grpscan.c
  grpscan.c
  	cl /c /MT /J /nologo /Od /Zi   /Isource /Ibuild\include\msvc /Ibuild\include\ /Isource\jmact /Isource\jaudiolib\include /Isource\enet\include  /W2 /DSUPERBUILD /DPOLYMOST /DUSE_OPENGL /DPOLYMER  /I"C:\Program Files\Microsoft DirectX SDK (February 2010)"\include /DRENDERTYPEWIN=1 /DDEBUGGINGAIDS /D "_CRT_SECURE_NO_DEPRECATE" /Foobj_win/winbits.obj source\winbits.c
  winbits.c
C:\Program Files (x86)\Microsoft Visual Studio\2017\Community\Common7\IDE\VC\VCTargets\Microsoft.MakeFile.Targets(44,5): warning MSB5021: Terminating the task executable "cmd" and its child processes because the build was canceled.
